<?xml version="1.0" encoding="UTF-8"?>
<Site BuildName="(empty)"
	BuildStamp="20240621-0759-Experimental"
	Name="Anel-HP"
	Generator="ctest-3.22.1"
	CompilerName="/usr/bin/c++"
	CompilerVersion="11.4.0"
	OSName="Linux"
	Hostname="Anel-HP"
	OSRelease="6.8.0-rt8"
	OSVersion="#1 SMP PREEMPT_RT Sat Mar 16 10:25:32 CET 2024"
	OSPlatform="x86_64"
	Is64Bits="1"
	VendorString="GenuineIntel"
	VendorID="Intel Corporation"
	FamilyID="6"
	ModelID="140"
	ProcessorCacheSize="12288"
	NumberOfLogicalCPU="8"
	NumberOfPhysicalCPU="4"
	TotalVirtualMemory="0"
	TotalPhysicalMemory="15758"
	LogicalProcessorsPerPhysical="2"
	ProcessorClockFrequency="3000"
	>
	<Testing>
		<StartDateTime>Jun 21 22:28 CEST</StartDateTime>
		<StartTestTime>1719001710</StartTestTime>
		<TestList/>
		<EndDateTime>Jun 21 22:28 CEST</EndDateTime>
		<EndTestTime>1719001710</EndTestTime>
		<ElapsedMinutes>0</ElapsedMinutes>
	</Testing>
</Site>
